time	line	instance	edges	omega	degree	minloops	maxloops	pimin	lambda	[lambda>0]	mix	leigen	ueigen	ucanon	
invalid syntax: ;3,2,2,1;2,2,2,2
(0h:00m:00s)	1	;3,2,2,1;2,2,2,2	0	1	1	1	1	1	NA	NA	0	NA	NA	NA	
invalid syntax: ;4,3,2,1;2,2,2,2,2
(0h:00m:00s)	2	;4,3,2,1;2,2,2,2,2	0	1	1	1	1	1	NA	NA	0	NA	NA	NA	
invalid syntax: ;5,4,2,1;2,2,2,2,2,2
(0h:00m:00s)	3	;5,4,2,1;2,2,2,2,2,2	0	1	1	1	1	1	NA	NA	0	NA	NA	NA	
invalid syntax: ;6,5,2,1;2,2,2,2,2,2,2
(0h:00m:00s)	4	;6,5,2,1;2,2,2,2,2,2,2	0	1	1	1	1	1	NA	NA	0	NA	NA	NA	
invalid syntax: ;7,6,2,1;2,2,2,2,2,2,2,2
(0h:00m:00s)	5	;7,6,2,1;2,2,2,2,2,2,2,2	0	1	1	1	1	1	NA	NA	0	NA	NA	NA	
invalid syntax: ;8,7,2,1;2,2,2,2,2,2,2,2,2
(0h:00m:00s)	6	;8,7,2,1;2,2,2,2,2,2,2,2,2	0	1	1	1	1	1	NA	NA	0	NA	NA	NA	
invalid syntax: ;9,8,2,1;2,2,2,2,2,2,2,2,2,2
(0h:00m:00s)	7	;9,8,2,1;2,2,2,2,2,2,2,2,2,2	0	1	1	1	1	1	NA	NA	0	NA	NA	NA	
invalid syntax: ;10,9,2,1;2,2,2,2,2,2,2,2,2,2,2
(0h:00m:00s)	8	;10,9,2,1;2,2,2,2,2,2,2,2,2,2,2	0	1	1	1	1	1	NA	NA	0	NA	NA	NA	
invalid syntax: ;11,10,2,1;2,2,2,2,2,2,2,2,2,2,2,2
(0h:00m:00s)	9	;11,10,2,1;2,2,2,2,2,2,2,2,2,2,2,2	0	1	1	1	1	1	NA	NA	0	NA	NA	NA	
invalid syntax: ;12,11,2,1;2,2,2,2,2,2,2,2,2,2,2,2,2
(0h:00m:00s)	10	;12,11,2,1;2,2,2,2,2,2,2,2,2,2,2,2,2	0	1	1	1	1	1	NA	NA	0	NA	NA	NA	
invalid syntax: ;13,12,2,1;2,2,2,2,2,2,2,2,2,2,2,2,2,2
(0h:00m:00s)	11	;13,12,2,1;2,2,2,2,2,2,2,2,2,2,2,2,2,2	0	1	1	1	1	1	NA	NA	0	NA	NA	NA	
invalid syntax: ;14,13,2,1;2,2,2,2,2,2,2,2,2,2,2,2,2,2,2
(0h:00m:00s)	12	;14,13,2,1;2,2,2,2,2,2,2,2,2,2,2,2,2,2,2	0	1	1	1	1	1	NA	NA	0	NA	NA	NA	
invalid syntax: ;15,14,2,1;2,2,2,2,2,2,2,2,2,2,2,2,2,2,2,2
(0h:00m:00s)	13	;15,14,2,1;2,2,2,2,2,2,2,2,2,2,2,2,2,2,2,2	0	1	1	1	1	1	NA	NA	0	NA	NA	NA	
invalid syntax: ;16,15,2,1;2,2,2,2,2,2,2,2,2,2,2,2,2,2,2,2,2
(0h:00m:00s)	14	;16,15,2,1;2,2,2,2,2,2,2,2,2,2,2,2,2,2,2,2,2	0	1	1	1	1	1	NA	NA	0	NA	NA	NA	
invalid syntax: ;17,16,2,1;2,2,2,2,2,2,2,2,2,2,2,2,2,2,2,2,2,2
(0h:00m:00s)	15	;17,16,2,1;2,2,2,2,2,2,2,2,2,2,2,2,2,2,2,2,2,2	0	1	1	1	1	1	NA	NA	0	NA	NA	NA	
invalid syntax: ;18,17,2,1;2,2,2,2,2,2,2,2,2,2,2,2,2,2,2,2,2,2,2
(0h:00m:00s)	16	;18,17,2,1;2,2,2,2,2,2,2,2,2,2,2,2,2,2,2,2,2,2,2	0	1	1	1	1	1	NA	NA	0	NA	NA	NA	
invalid syntax: ;19,18,2,1;2,2,2,2,2,2,2,2,2,2,2,2,2,2,2,2,2,2,2,2
(0h:00m:00s)	17	;19,18,2,1;2,2,2,2,2,2,2,2,2,2,2,2,2,2,2,2,2,2,2,2	0	1	1	1	1	1	NA	NA	0	NA	NA	NA	
invalid syntax: ;20,19,2,1;2,2,2,2,2,2,2,2,2,2,2,2,2,2,2,2,2,2,2,2,2
(0h:00m:00s)	18	;20,19,2,1;2,2,2,2,2,2,2,2,2,2,2,2,2,2,2,2,2,2,2,2,2	0	1	1	1	1	1	NA	NA	0	NA	NA	NA	
invalid syntax: ;21,20,2,1;2,2,2,2,2,2,2,2,2,2,2,2,2,2,2,2,2,2,2,2,2,2
(0h:00m:00s)	19	;21,20,2,1;2,2,2,2,2,2,2,2,2,2,2,2,2,2,2,2,2,2,2,2,2,2	0	1	1	1	1	1	NA	NA	0	NA	NA	NA	
invalid syntax: ;22,21,2,1;2,2,2,2,2,2,2,2,2,2,2,2,2,2,2,2,2,2,2,2,2,2,2
(0h:00m:00s)	20	;22,21,2,1;2,2,2,2,2,2,2,2,2,2,2,2,2,2,2,2,2,2,2,2,2,2,2	0	1	1	1	1	1	NA	NA	0	NA	NA	NA	
invalid syntax: ;23,22,2,1;2,2,2,2,2,2,2,2,2,2,2,2,2,2,2,2,2,2,2,2,2,2,2,2
(0h:00m:00s)	21	;23,22,2,1;2,2,2,2,2,2,2,2,2,2,2,2,2,2,2,2,2,2,2,2,2,2,2,2	0	1	1	1	1	1	NA	NA	0	NA	NA	NA	
invalid syntax: ;24,23,2,1;2,2,2,2,2,2,2,2,2,2,2,2,2,2,2,2,2,2,2,2,2,2,2,2,2
(0h:00m:00s)	22	;24,23,2,1;2,2,2,2,2,2,2,2,2,2,2,2,2,2,2,2,2,2,2,2,2,2,2,2,2	0	1	1	1	1	1	NA	NA	0	NA	NA	NA	
invalid syntax: ;25,24,2,1;2,2,2,2,2,2,2,2,2,2,2,2,2,2,2,2,2,2,2,2,2,2,2,2,2,2
(0h:00m:00s)	23	;25,24,2,1;2,2,2,2,2,2,2,2,2,2,2,2,2,2,2,2,2,2,2,2,2,2,2,2,2,2	0	1	1	1	1	1	NA	NA	0	NA	NA	NA	
invalid syntax: ;26,25,2,1;2,2,2,2,2,2,2,2,2,2,2,2,2,2,2,2,2,2,2,2,2,2,2,2,2,2,2
(0h:00m:00s)	24	;26,25,2,1;2,2,2,2,2,2,2,2,2,2,2,2,2,2,2,2,2,2,2,2,2,2,2,2,2,2,2	0	1	1	1	1	1	NA	NA	0	NA	NA	NA	
invalid syntax: ;27,26,2,1;2,2,2,2,2,2,2,2,2,2,2,2,2,2,2,2,2,2,2,2,2,2,2,2,2,2,2,2
(0h:00m:00s)	25	;27,26,2,1;2,2,2,2,2,2,2,2,2,2,2,2,2,2,2,2,2,2,2,2,2,2,2,2,2,2,2,2	0	1	1	1	1	1	NA	NA	0	NA	NA	NA	
invalid syntax: ;28,27,2,1;2,2,2,2,2,2,2,2,2,2,2,2,2,2,2,2,2,2,2,2,2,2,2,2,2,2,2,2,2
(0h:00m:00s)	26	;28,27,2,1;2,2,2,2,2,2,2,2,2,2,2,2,2,2,2,2,2,2,2,2,2,2,2,2,2,2,2,2,2	0	1	1	1	1	1	NA	NA	0	NA	NA	NA	
invalid syntax: ;29,28,2,1;2,2,2,2,2,2,2,2,2,2,2,2,2,2,2,2,2,2,2,2,2,2,2,2,2,2,2,2,2,2
(0h:00m:00s)	27	;29,28,2,1;2,2,2,2,2,2,2,2,2,2,2,2,2,2,2,2,2,2,2,2,2,2,2,2,2,2,2,2,2,2	0	1	1	1	1	1	NA	NA	0	NA	NA	NA	
invalid syntax: ;30,29,2,1;2,2,2,2,2,2,2,2,2,2,2,2,2,2,2,2,2,2,2,2,2,2,2,2,2,2,2,2,2,2,2
(0h:00m:00s)	28	;30,29,2,1;2,2,2,2,2,2,2,2,2,2,2,2,2,2,2,2,2,2,2,2,2,2,2,2,2,2,2,2,2,2,2	0	1	1	1	1	1	NA	NA	0	NA	NA	NA	
invalid syntax: ;31,30,2,1;2,2,2,2,2,2,2,2,2,2,2,2,2,2,2,2,2,2,2,2,2,2,2,2,2,2,2,2,2,2,2,2
(0h:00m:00s)	29	;31,30,2,1;2,2,2,2,2,2,2,2,2,2,2,2,2,2,2,2,2,2,2,2,2,2,2,2,2,2,2,2,2,2,2,2	0	1	1	1	1	1	NA	NA	0	NA	NA	NA	
invalid syntax: ;32,31,2,1;2,2,2,2,2,2,2,2,2,2,2,2,2,2,2,2,2,2,2,2,2,2,2,2,2,2,2,2,2,2,2,2,2
(0h:00m:00s)	30	;32,31,2,1;2,2,2,2,2,2,2,2,2,2,2,2,2,2,2,2,2,2,2,2,2,2,2,2,2,2,2,2,2,2,2,2,2	0	1	1	1	1	1	NA	NA	0	NA	NA	NA	
invalid syntax: ;33,32,2,1;2,2,2,2,2,2,2,2,2,2,2,2,2,2,2,2,2,2,2,2,2,2,2,2,2,2,2,2,2,2,2,2,2,2
(0h:00m:00s)	31	;33,32,2,1;2,2,2,2,2,2,2,2,2,2,2,2,2,2,2,2,2,2,2,2,2,2,2,2,2,2,2,2,2,2,2,2,2,2	0	1	1	1	1	1	NA	NA	0	NA	NA	NA	
bad memory access (Device)
(1h:23m:20s)	32	34,33,2,1;2,2,2,2,2,2,2,2,2,2,2,2,2,2,2,2,2,2,2,2,2,2,2,2,2,2,2,2,2,2,2,2,2,2,2	70	60095	1291	1187	1189	1/60095	0.993047	1	NA	443.8	2576.11	28187.4	
bad memory access (Device)
(3h:01m:12s)	33	35,34,2,1;2,2,2,2,2,2,2,2,2,2,2,2,2,2,2,2,2,2,2,2,2,2,2,2,2,2,2,2,2,2,2,2,2,2,2,2	72	65520	1364	1257	1259	1/65520	0.993419	1	NA	469.032	2734.69	29998.8	
bad memory access (Device)
(4h:58m:27s)	34	36,35,2,1;2,2,2,2,2,2,2,2,2,2,2,2,2,2,2,2,2,2,2,2,2,2,2,2,2,2,2,2,2,2,2,2,2,2,2,2,2	74	71262	1439	1329	1331	1/71262	0.993761	1	NA	494.955	2898.3	31870.3	
bad memory access (Device)
