time	line	instance	edges	omega	degree	minloops	maxloops	pimin	lambda	[lambda>0]	mix	leigen	ueigen	ucanon	
invalid syntax: ;3,2,3;2,2,2,2
(0h:00m:00s)	1	;3,2,3;2,2,2,2	0	1	1	1	1	1	NA	NA	0	NA	NA	NA	
invalid syntax: ;4,3,3;2,2,2,2,2
(0h:00m:00s)	2	;4,3,3;2,2,2,2,2	0	1	1	1	1	1	NA	NA	0	NA	NA	NA	
invalid syntax: ;5,4,3;2,2,2,2,2,2
(0h:00m:00s)	3	;5,4,3;2,2,2,2,2,2	0	1	1	1	1	1	NA	NA	0	NA	NA	NA	
invalid syntax: ;6,5,3;2,2,2,2,2,2,2
(0h:00m:00s)	4	;6,5,3;2,2,2,2,2,2,2	0	1	1	1	1	1	NA	NA	0	NA	NA	NA	
invalid syntax: ;7,6,3;2,2,2,2,2,2,2,2
(0h:00m:00s)	5	;7,6,3;2,2,2,2,2,2,2,2	0	1	1	1	1	1	NA	NA	0	NA	NA	NA	
invalid syntax: ;8,7,3;2,2,2,2,2,2,2,2,2
(0h:00m:00s)	6	;8,7,3;2,2,2,2,2,2,2,2,2	0	1	1	1	1	1	NA	NA	0	NA	NA	NA	
invalid syntax: ;9,8,3;2,2,2,2,2,2,2,2,2,2
(0h:00m:00s)	7	;9,8,3;2,2,2,2,2,2,2,2,2,2	0	1	1	1	1	1	NA	NA	0	NA	NA	NA	
invalid syntax: ;10,9,3;2,2,2,2,2,2,2,2,2,2,2
(0h:00m:00s)	8	;10,9,3;2,2,2,2,2,2,2,2,2,2,2	0	1	1	1	1	1	NA	NA	0	NA	NA	NA	
invalid syntax: ;11,10,3;2,2,2,2,2,2,2,2,2,2,2,2
(0h:00m:00s)	9	;11,10,3;2,2,2,2,2,2,2,2,2,2,2,2	0	1	1	1	1	1	NA	NA	0	NA	NA	NA	
invalid syntax: ;12,11,3;2,2,2,2,2,2,2,2,2,2,2,2,2
(0h:00m:00s)	10	;12,11,3;2,2,2,2,2,2,2,2,2,2,2,2,2	0	1	1	1	1	1	NA	NA	0	NA	NA	NA	
invalid syntax: ;13,12,3;2,2,2,2,2,2,2,2,2,2,2,2,2,2
(0h:00m:00s)	11	;13,12,3;2,2,2,2,2,2,2,2,2,2,2,2,2,2	0	1	1	1	1	1	NA	NA	0	NA	NA	NA	
invalid syntax: ;14,13,3;2,2,2,2,2,2,2,2,2,2,2,2,2,2,2
(0h:00m:00s)	12	;14,13,3;2,2,2,2,2,2,2,2,2,2,2,2,2,2,2	0	1	1	1	1	1	NA	NA	0	NA	NA	NA	
invalid syntax: ;15,14,3;2,2,2,2,2,2,2,2,2,2,2,2,2,2,2,2
(0h:00m:00s)	13	;15,14,3;2,2,2,2,2,2,2,2,2,2,2,2,2,2,2,2	0	1	1	1	1	1	NA	NA	0	NA	NA	NA	
invalid syntax: ;16,15,3;2,2,2,2,2,2,2,2,2,2,2,2,2,2,2,2,2
(0h:00m:00s)	14	;16,15,3;2,2,2,2,2,2,2,2,2,2,2,2,2,2,2,2,2	0	1	1	1	1	1	NA	NA	0	NA	NA	NA	
invalid syntax: ;17,16,3;2,2,2,2,2,2,2,2,2,2,2,2,2,2,2,2,2,2
(0h:00m:00s)	15	;17,16,3;2,2,2,2,2,2,2,2,2,2,2,2,2,2,2,2,2,2	0	1	1	1	1	1	NA	NA	0	NA	NA	NA	
invalid syntax: ;18,17,3;2,2,2,2,2,2,2,2,2,2,2,2,2,2,2,2,2,2,2
(0h:00m:00s)	16	;18,17,3;2,2,2,2,2,2,2,2,2,2,2,2,2,2,2,2,2,2,2	0	1	1	1	1	1	NA	NA	0	NA	NA	NA	
invalid syntax: ;19,18,3;2,2,2,2,2,2,2,2,2,2,2,2,2,2,2,2,2,2,2,2
(0h:00m:00s)	17	;19,18,3;2,2,2,2,2,2,2,2,2,2,2,2,2,2,2,2,2,2,2,2	0	1	1	1	1	1	NA	NA	0	NA	NA	NA	
invalid syntax: ;20,19,3;2,2,2,2,2,2,2,2,2,2,2,2,2,2,2,2,2,2,2,2,2
(0h:00m:00s)	18	;20,19,3;2,2,2,2,2,2,2,2,2,2,2,2,2,2,2,2,2,2,2,2,2	0	1	1	1	1	1	NA	NA	0	NA	NA	NA	
invalid syntax: ;21,20,3;2,2,2,2,2,2,2,2,2,2,2,2,2,2,2,2,2,2,2,2,2,2
(0h:00m:00s)	19	;21,20,3;2,2,2,2,2,2,2,2,2,2,2,2,2,2,2,2,2,2,2,2,2,2	0	1	1	1	1	1	NA	NA	0	NA	NA	NA	
invalid syntax: ;22,21,3;2,2,2,2,2,2,2,2,2,2,2,2,2,2,2,2,2,2,2,2,2,2,2
(0h:00m:00s)	20	;22,21,3;2,2,2,2,2,2,2,2,2,2,2,2,2,2,2,2,2,2,2,2,2,2,2	0	1	1	1	1	1	NA	NA	0	NA	NA	NA	
invalid syntax: ;23,22,3;2,2,2,2,2,2,2,2,2,2,2,2,2,2,2,2,2,2,2,2,2,2,2,2
(0h:00m:00s)	21	;23,22,3;2,2,2,2,2,2,2,2,2,2,2,2,2,2,2,2,2,2,2,2,2,2,2,2	0	1	1	1	1	1	NA	NA	0	NA	NA	NA	
invalid syntax: ;24,23,3;2,2,2,2,2,2,2,2,2,2,2,2,2,2,2,2,2,2,2,2,2,2,2,2,2
(0h:00m:00s)	22	;24,23,3;2,2,2,2,2,2,2,2,2,2,2,2,2,2,2,2,2,2,2,2,2,2,2,2,2	0	1	1	1	1	1	NA	NA	0	NA	NA	NA	
invalid syntax: ;25,24,3;2,2,2,2,2,2,2,2,2,2,2,2,2,2,2,2,2,2,2,2,2,2,2,2,2,2
(0h:00m:00s)	23	;25,24,3;2,2,2,2,2,2,2,2,2,2,2,2,2,2,2,2,2,2,2,2,2,2,2,2,2,2	0	1	1	1	1	1	NA	NA	0	NA	NA	NA	
invalid syntax: ;26,25,3;2,2,2,2,2,2,2,2,2,2,2,2,2,2,2,2,2,2,2,2,2,2,2,2,2,2,2
(0h:00m:00s)	24	;26,25,3;2,2,2,2,2,2,2,2,2,2,2,2,2,2,2,2,2,2,2,2,2,2,2,2,2,2,2	0	1	1	1	1	1	NA	NA	0	NA	NA	NA	
invalid syntax: ;27,26,3;2,2,2,2,2,2,2,2,2,2,2,2,2,2,2,2,2,2,2,2,2,2,2,2,2,2,2,2
(0h:00m:00s)	25	;27,26,3;2,2,2,2,2,2,2,2,2,2,2,2,2,2,2,2,2,2,2,2,2,2,2,2,2,2,2,2	0	1	1	1	1	1	NA	NA	0	NA	NA	NA	
invalid syntax: ;28,27,3;2,2,2,2,2,2,2,2,2,2,2,2,2,2,2,2,2,2,2,2,2,2,2,2,2,2,2,2,2
(0h:00m:00s)	26	;28,27,3;2,2,2,2,2,2,2,2,2,2,2,2,2,2,2,2,2,2,2,2,2,2,2,2,2,2,2,2,2	0	1	1	1	1	1	NA	NA	0	NA	NA	NA	
invalid syntax: ;29,28,3;2,2,2,2,2,2,2,2,2,2,2,2,2,2,2,2,2,2,2,2,2,2,2,2,2,2,2,2,2,2
(0h:00m:00s)	27	;29,28,3;2,2,2,2,2,2,2,2,2,2,2,2,2,2,2,2,2,2,2,2,2,2,2,2,2,2,2,2,2,2	0	1	1	1	1	1	NA	NA	0	NA	NA	NA	
invalid syntax: ;30,29,3;2,2,2,2,2,2,2,2,2,2,2,2,2,2,2,2,2,2,2,2,2,2,2,2,2,2,2,2,2,2,2
(0h:00m:00s)	28	;30,29,3;2,2,2,2,2,2,2,2,2,2,2,2,2,2,2,2,2,2,2,2,2,2,2,2,2,2,2,2,2,2,2	0	1	1	1	1	1	NA	NA	0	NA	NA	NA	
invalid syntax: ;31,30,3;2,2,2,2,2,2,2,2,2,2,2,2,2,2,2,2,2,2,2,2,2,2,2,2,2,2,2,2,2,2,2,2
(0h:00m:00s)	29	;31,30,3;2,2,2,2,2,2,2,2,2,2,2,2,2,2,2,2,2,2,2,2,2,2,2,2,2,2,2,2,2,2,2,2	0	1	1	1	1	1	NA	NA	0	NA	NA	NA	
invalid syntax: ;32,31,3;2,2,2,2,2,2,2,2,2,2,2,2,2,2,2,2,2,2,2,2,2,2,2,2,2,2,2,2,2,2,2,2,2
(0h:00m:00s)	30	;32,31,3;2,2,2,2,2,2,2,2,2,2,2,2,2,2,2,2,2,2,2,2,2,2,2,2,2,2,2,2,2,2,2,2,2	0	1	1	1	1	1	NA	NA	0	NA	NA	NA	
invalid syntax: ;33,32,3;2,2,2,2,2,2,2,2,2,2,2,2,2,2,2,2,2,2,2,2,2,2,2,2,2,2,2,2,2,2,2,2,2,2
(0h:00m:00s)	31	;33,32,3;2,2,2,2,2,2,2,2,2,2,2,2,2,2,2,2,2,2,2,2,2,2,2,2,2,2,2,2,2,2,2,2,2,2	0	1	1	1	1	1	NA	NA	0	NA	NA	NA	
invalid syntax: ;34,33,3;2,2,2,2,2,2,2,2,2,2,2,2,2,2,2,2,2,2,2,2,2,2,2,2,2,2,2,2,2,2,2,2,2,2,2
(0h:00m:00s)	32	;34,33,3;2,2,2,2,2,2,2,2,2,2,2,2,2,2,2,2,2,2,2,2,2,2,2,2,2,2,2,2,2,2,2,2,2,2,2	0	1	1	1	1	1	NA	NA	0	NA	NA	NA	
invalid syntax: ;35,34,3;2,2,2,2,2,2,2,2,2,2,2,2,2,2,2,2,2,2,2,2,2,2,2,2,2,2,2,2,2,2,2,2,2,2,2,2
(0h:00m:00s)	33	;35,34,3;2,2,2,2,2,2,2,2,2,2,2,2,2,2,2,2,2,2,2,2,2,2,2,2,2,2,2,2,2,2,2,2,2,2,2,2	0	1	1	1	1	1	NA	NA	0	NA	NA	NA	
bad memory access (Device)
(0h:12m:01s)	34	36,35,3;2,2,2,2,2,2,2,2,2,2,2,2,2,2,2,2,2,2,2,2,2,2,2,2,2,2,2,2,2,2,2,2,2,2,2,2,2	74	23310	1437	1333	1333	1/23310	0.974252	1	NA	117.574	658.86	7153.34	
bad memory access (Device)
(0h:26m:11s)	35	37,36,3;2,2,2,2,2,2,2,2,2,2,2,2,2,2,2,2,2,2,2,2,2,2,2,2,2,2,2,2,2,2,2,2,2,2,2,2,2,2	76	25308	1514	1407	1407	1/25308	0.974901	1	NA	120.694	679.174	7394.43	
bad memory access (Device)
(0h:43m:06s)	36	38,37,3;2,2,2,2,2,2,2,2,2,2,2,2,2,2,2,2,2,2,2,2,2,2,2,2,2,2,2,2,2,2,2,2,2,2,2,2,2,2,2	78	27417	1593	1483	1483	1/27417	0.975518	1	NA	123.814	699.559	7636.44	
bad memory access (Device)
(1h:02m:11s)	37	39,38,3;2,2,2,2,2,2,2,2,2,2,2,2,2,2,2,2,2,2,2,2,2,2,2,2,2,2,2,2,2,2,2,2,2,2,2,2,2,2,2,2	80	29640	1674	1561	1561	1/29640	0.976105	1	NA	126.933	720.014	7879.34	
bad memory access (Device)
(1h:24m:00s)	38	40,39,3;2,2,2,2,2,2,2,2,2,2,2,2,2,2,2,2,2,2,2,2,2,2,2,2,2,2,2,2,2,2,2,2,2,2,2,2,2,2,2,2,2	82	31980	1757	1641	1641	1/31980	0.976665	1	NA	130.052	740.538	8123.13	
bad memory access (Device)
(1h:49m:08s)	39	41,40,3;2,2,2,2,2,2,2,2,2,2,2,2,2,2,2,2,2,2,2,2,2,2,2,2,2,2,2,2,2,2,2,2,2,2,2,2,2,2,2,2,2,2	84	34440	1842	1723	1723	1/34440	0.977199	1	NA	133.17	761.129	8367.78	
bad memory access (Device)
(2h:18m:27s)	40	42,41,3;2,2,2,2,2,2,2,2,2,2,2,2,2,2,2,2,2,2,2,2,2,2,2,2,2,2,2,2,2,2,2,2,2,2,2,2,2,2,2,2,2,2,2	86	37023	1929	1807	1807	1/37023	0.977709	1	NA	136.288	781.786	8613.26	
bad memory access (Device)
(2h:52m:07s)	41	43,42,3;2,2,2,2,2,2,2,2,2,2,2,2,2,2,2,2,2,2,2,2,2,2,2,2,2,2,2,2,2,2,2,2,2,2,2,2,2,2,2,2,2,2,2,2	88	39732	2018	1893	1893	1/39732	0.978196	1	NA	139.405	802.507	8859.57	
bad memory access (Device)
(3h:31m:06s)	42	44,43,3;2,2,2,2,2,2,2,2,2,2,2,2,2,2,2,2,2,2,2,2,2,2,2,2,2,2,2,2,2,2,2,2,2,2,2,2,2,2,2,2,2,2,2,2,2	90	42570	2109	1981	1981	1/42570	0.978663	1	NA	142.522	823.291	9106.68	
bad memory access (Device)
(4h:16m:04s)	43	45,44,3;2,2,2,2,2,2,2,2,2,2,2,2,2,2,2,2,2,2,2,2,2,2,2,2,2,2,2,2,2,2,2,2,2,2,2,2,2,2,2,2,2,2,2,2,2,2	92	45540	2202	2071	2071	1/45540	0.97911	1	NA	145.638	844.137	9354.57	
bad memory access (Device)
(5h:07m:58s)	44	46,45,3;2,2,2,2,2,2,2,2,2,2,2,2,2,2,2,2,2,2,2,2,2,2,2,2,2,2,2,2,2,2,2,2,2,2,2,2,2,2,2,2,2,2,2,2,2,2,2	94	48645	2297	2163	2163	1/48645	0.979539	1	NA	148.754	865.043	9603.23	
bad memory access (Device)
(6h:06m:57s)	45	47,46,3;2,2,2,2,2,2,2,2,2,2,2,2,2,2,2,2,2,2,2,2,2,2,2,2,2,2,2,2,2,2,2,2,2,2,2,2,2,2,2,2,2,2,2,2,2,2,2,2	96	51888	2394	2257	2257	1/51888	0.97995	1	NA	151.869	886.009	9852.65	
bad memory access (Device)
(7h:14m:15s)	46	48,47,3;2,2,2,2,2,2,2,2,2,2,2,2,2,2,2,2,2,2,2,2,2,2,2,2,2,2,2,2,2,2,2,2,2,2,2,2,2,2,2,2,2,2,2,2,2,2,2,2,2	98	55272	2493	2353	2353	1/55272	0.980345	1	NA	154.985	907.034	10102.8	
bad memory access (Device)
(8h:30m:30s)	47	49,48,3;2,2,2,2,2,2,2,2,2,2,2,2,2,2,2,2,2,2,2,2,2,2,2,2,2,2,2,2,2,2,2,2,2,2,2,2,2,2,2,2,2,2,2,2,2,2,2,2,2,2	100	58800	2594	2451	2451	1/58800	0.980725	1	NA	158.1	928.115	10353.7	
bad memory access (Device)
(9h:56m:33s)	48	50,49,3;2,2,2,2,2,2,2,2,2,2,2,2,2,2,2,2,2,2,2,2,2,2,2,2,2,2,2,2,2,2,2,2,2,2,2,2,2,2,2,2,2,2,2,2,2,2,2,2,2,2,2	102	62475	2697	2551	2551	1/62475	0.98109	1	NA	161.214	949.253	10605.3	
bad memory access (Device)
(11h:33m:14s)	49	51,50,3;2,2,2,2,2,2,2,2,2,2,2,2,2,2,2,2,2,2,2,2,2,2,2,2,2,2,2,2,2,2,2,2,2,2,2,2,2,2,2,2,2,2,2,2,2,2,2,2,2,2,2,2	104	66300	2802	2653	2653	1/66300	0.981442	1	NA	164.329	970.446	10857.6	
bad memory access (Device)
(13h:23m:08s)	50	52,51,3;2,2,2,2,2,2,2,2,2,2,2,2,2,2,2,2,2,2,2,2,2,2,2,2,2,2,2,2,2,2,2,2,2,2,2,2,2,2,2,2,2,2,2,2,2,2,2,2,2,2,2,2,2	106	70278	2909	2757	2757	1/70278	0.981781	1	NA	167.443	991.693	11110.6	
bad memory access (Device)
(15h:27m:19s)	51	53,52,3;2,2,2,2,2,2,2,2,2,2,2,2,2,2,2,2,2,2,2,2,2,2,2,2,2,2,2,2,2,2,2,2,2,2,2,2,2,2,2,2,2,2,2,2,2,2,2,2,2,2,2,2,2,2	108	74412	3018	2863	2863	1/74412	0.982107	1	NA	170.556	1012.99	11364.2	
bad memory access (Device)
./run.sh: line 4:  1912 Terminated              ./Release/SwapChainExperiment data/scaling/largest_error1.txt swapBipFast 1e-3
