time	line	instance	edges	omega	degree	minloops	maxloops	pimin	lambda	[lambda>0]	mix	leigen	ueigen	ucanon	
(0h:00m:00s)	1	1,1;1,1	2	2	2	1	1	1/2	0	1	1	0	7.6009	7.6009	
(0h:00m:00s)	2	2,1;1,1,1	3	3	3	1	1	1/3	0	1	1	0	8.00637	8.00637	
(0h:00m:00s)	3	1,1,1;1,1,1	3	6	4	1	1	1/6	-0.5	0	9	3.1073	17.399	28.9984	
(0h:00m:00s)	4	2,2;1,1,1,1	4	6	5	1	1	1/6	-0.2	0	5	0.776826	10.8744	21.7488	
(0h:00m:00s)	5	2,1,1;2,1,1	4	5	5	2	2	1/5	0.4	1	7	2.07154	14.1953	25.5516	
(0h:00m:00s)	6	2,1,1;1,1,1,1	4	12	6	1	1	1/12	0.333333	1	7	1.55365	14.089	42.267	
(0h:00m:00s)	7	1,1,1,1;1,1,1,1	4	24	7	1	1	1/24	-0.714286	0	19	7.76826	35.3003	67.659	
(0h:00m:00s)	8	3,1,1;2,1,1,1	5	7	7	3	3	1/7	0.571429	1	12	4.14307	20.6586	44.2683	
(0h:00m:00s)	9	3,1,1;1,1,1,1,1	5	20	8	1	1	1/20	0.375	1	8	1.86438	15.8456	51.4981	
(0h:00m:00s)	10	2,2,1;2,2,1	5	5	7	3	4	1/5	0.571429	1	12	4.14307	19.8735	35.7722	
(0h:00m:00s)	11	2,2,1;2,1,1,1	5	12	8	3	3	1/12	0.537847	1	11	3.61624	20.3237	56.356	
(0h:00m:00s)	12	2,2,1;1,1,1,1,1	5	30	9	1	1	1/30	0.444444	1	9	2.48584	18.5561	80.4098	
(0h:00m:00s)	13	2,1,1,1;2,1,1,1	5	27	9	2	2	1/27	0.525783	1	11	3.4452	21.5167	78.2275	
(0h:00m:00s)	14	2,1,1,1;1,1,1,1,1	5	60	10	1	1	1/60	-0.5	0	11	3.1073	22.0042	97.1852	
(0h:00m:01s)	15	1,1,1,1,1;1,1,1,1,1	5	120	11	1	1	1/120	-0.818182	0	31	13.9829	64.3239	136.152	
(0h:00m:01s)	16	3,2,1;2,2,1,1	6	8	10	5	6	1/8	0.673205	1	17	6.40112	27.501	56.17	
(0h:00m:01s)	17	3,2,1;2,1,1,1,1	6	22	11	3	4	1/22	0.612005	1	14	4.90131	25.7704	84.9898	
(0h:00m:01s)	18	2,2,2;2,2,2	6	6	10	7	7	1/6	0.7	1	19	7.25038	28.9984	72.496	
(0h:00m:01s)	19	2,2,2;2,2,1,1	6	15	11	3	3	1/15	0.636364	1	15	5.43778	26.4435	63.4643	
(0h:00m:01s)	20	2,2,2;2,1,1,1,1	6	36	12	3	3	1/36	0.583333	1	13	4.35023	25.1791	122.398	
(0h:00m:01s)	21	3,1,1,1;3,1,1,1	6	10	10	5	5	1/10	0.6	1	14	4.66096	23.0259	46.0517	
(0h:00m:01s)	22	3,1,1,1;2,2,1,1	6	18	11	5	5	1/18	0.670207	1	17	6.31469	29.71	113.767	
(0h:00m:01s)	23	3,1,1,1;2,1,1,1,1	6	48	12	3	3	1/48	0.637146	1	15	5.45621	29.706	121.263	
(0h:00m:01s)	24	2,2,1,1;2,2,1,1	6	34	12	3	3	1/34	0.628631	1	15	5.25985	28.0963	106.796	
(0h:00m:01s)	25	2,2,1,1;2,1,1,1,1	6	78	13	3	3	1/78	0.615385	1	14	4.97169	29.2876	127.664	
(0h:00m:01s)	26	2,1,1,1,1;2,1,1,1,1	6	168	14	2	2	1/168	0.611539	1	15	4.89172	30.9728	166.439	
(0h:00m:01s)	27	3,3,1;2,2,2,1	7	7	13	7	9	1/7	0.769231	1	24	10.3577	38.3659	82.2126	
(0h:00m:01s)	28	3,3,1;2,2,1,1,1	7	18	14	7	7	1/18	0.714286	1	20	7.76826	34.2934	114.311	
(0h:00m:01s)	29	3,2,2;2,2,2,1	7	12	14	8	8	1/12	0.735913	1	22	8.65889	35.5665	98.623	
(0h:00m:01s)	30	3,2,2;2,2,1,1,1	7	31	15	5	5	1/31	0.691485	1	19	6.96452	33.5211	115.094	
(0h:00m:01s)	31	4,1,1,1;3,1,1,1,1	7	13	13	7	7	1/13	0.692308	1	18	6.99143	30.7863	66.3089	
(0h:00m:01s)	32	4,1,1,1;2,2,1,1,1	7	24	14	7	7	1/24	0.743223	1	22	8.99388	39.2785	158.851	
(0h:00m:01s)	33	3,2,1,1;3,2,1,1	7	13	14	8	9	1/13	0.762077	1	25	9.95282	39.8142	102.014	
(0h:00m:01s)	34	3,2,1,1;2,2,2,1	7	27	15	7	7	1/27	0.714221	1	21	7.76579	35.7045	158.723	
(0h:00m:01s)	35	3,2,1,1;3,1,1,1,1	7	34	15	7	7	1/34	0.733333	1	21	8.54509	39.1279	124.289	
(0h:00m:01s)	36	3,2,1,1;2,2,1,1,1	7	68	16	5	6	1/68	0.705332	1	20	7.4378	37.762	178.036	
(0h:00m:02s)	37	2,2,2,1;2,2,2,1	7	51	16	4	7	1/51	0.662946	1	18	6.11171	32.1598	166.632	
(0h:00m:02s)	38	2,2,2,1;3,1,1,1,1	7	60	16	5	7	1/60	0.702254	1	20	7.32879	36.9513	167.232	
(0h:00m:02s)	39	2,2,2,1;2,2,1,1,1	7	117	17	3	4	1/117	0.678302	1	18	6.55176	36.276	186.519	
(0h:00m:02s)	40	3,1,1,1,1;3,1,1,1,1	7	88	16	5	5	1/88	0.67325	1	18	6.40243	34.8434	159.391	
(0h:00m:02s)	41	3,1,1,1,1;2,2,1,1,1	7	150	17	5	5	1/150	0.700179	1	20	7.25657	39.7517	225.575	
(0h:00m:02s)	42	2,2,1,1,1;2,2,1,1,1	7	258	18	3	3	1/258	0.677404	1	18	6.52487	38.6263	219.077	
(0h:00m:02s)	43	3,3,2;2,2,2,2	8	12	18	13	13	1/12	0.777778	1	28	10.8756	42.267	126.801	
(0h:00m:02s)	44	3,3,2;2,2,2,1,1	8	31	19	7	9	1/31	0.756436	1	24	9.65034	42.46	177.478	
(0h:00m:02s)	45	4,2,1,1;3,2,1,1,1	8	18	18	11	12	1/18	0.813491	1	31	13.5531	52.5344	146.972	
(0h:00m:02s)	46	4,2,1,1;2,2,2,1,1	8	39	19	10	11	1/39	0.769073	1	27	10.3485	45.7778	185.405	
(0h:00m:02s)	47	3,3,1,1;3,3,1,1	8	4	17	15	15	1/4	0.882353	1	50	23.3048	70.4994	105.749	
(0h:00m:02s)	48	3,3,1,1;3,2,2,1	8	12	18	11	13	1/12	0.823802	1	34	14.5279	53.3073	154.979	
(0h:00m:02s)	49	3,3,1,1;2,2,2,2	8	28	19	11	11	1/28	0.743321	1	23	8.99851	39.8941	125.074	
(0h:00m:02s)	50	3,3,1,1;3,2,1,1,1	8	30	19	11	11	1/30	0.819029	1	32	14.0629	56.9647	182.812	
(0h:00m:02s)	51	3,3,1,1;2,2,2,1,1	8	68	20	7	9	1/68	0.768046	1	25	10.2889	47.9719	206.182	
(0h:00m:02s)	52	3,2,2,1;3,2,2,1	8	24	19	11	12	1/24	0.789474	1	29	11.6524	47.9076	175.661	
(0h:00m:02s)	53	3,2,2,1;2,2,2,2	8	48	20	11	11	1/48	0.756155	1	25	9.63566	44.2042	278.456	
(0h:00m:02s)	54	3,2,2,1;3,2,1,1,1	8	58	20	10	10	1/58	0.773752	1	27	10.6268	48.4786	196.671	
(0h:00m:02s)	55	3,2,2,1;2,2,2,1,1	8	117	21	6	8	1/117	0.735749	1	23	8.65159	44.1622	274.393	
(0h:00m:02s)	56	2,2,2,2;2,2,2,2	8	90	21	5	5	1/90	0.697945	1	20	7.17992	37.7666	218.265	
(0h:00m:03s)	57	2,2,2,2;3,2,1,1,1	8	108	21	7	7	1/108	0.743478	1	23	9.00592	45.1809	236.627	
(0h:00m:03s)	58	2,2,2,2;2,2,2,1,1	8	204	22	7	7	1/204	0.702025	1	21	7.32076	41.0298	317.753	
(0h:00m:03s)	59	4,1,1,1,1;4,1,1,1,1	8	17	17	10	10	1/17	0.705882	1	21	7.45753	33.1193	68.1868	
(0h:00m:03s)	60	4,1,1,1,1;3,2,1,1,1	8	46	19	10	10	1/46	0.76194	1	25	9.9453	45.0995	177.384	
(0h:00m:03s)	61	4,1,1,1,1;2,2,2,1,1	8	84	20	10	10	1/84	0.765831	1	27	10.1622	48.4205	253.768	
(0h:00m:03s)	62	3,2,1,1,1;3,2,1,1,1	8	141	21	8	9	1/141	0.759981	1	26	9.83875	49.3982	301.963	
(0h:00m:03s)	63	3,2,1,1,1;2,2,2,1,1	8	258	22	7	7	1/258	0.744217	1	23	9.04092	48.716	298.574	
(0h:00m:04s)	64	2,2,2,1,1;2,2,2,1,1	8	453	23	5	7	1/453	0.708695	1	21	7.55953	44.7079	320.704	
(0h:00m:04s)	65	3,3,3;2,2,2,2,1	9	36	24	15	15	1/36	0.791667	1	30	11.8078	50.3581	286.761	
(0h:00m:04s)	66	4,3,1,1;3,3,1,1,1	9	6	22	19	19	1/6	0.909091	1	66	31.073	95.6947	159.491	
(0h:00m:04s)	67	4,3,1,1;3,2,2,1,1	9	19	23	15	17	1/19	0.860134	1	43	19.109	70.4404	226.6	
(0h:00m:04s)	68	4,3,1,1;2,2,2,2,1	9	48	24	13	14	1/48	0.818166	1	33	13.9814	59.2793	204.8	
(0h:00m:04s)	69	4,2,2,1;3,3,1,1,1	9	17	23	15	17	1/17	0.859652	1	42	19.0327	69.406	197.684	
(0h:00m:04s)	70	4,2,2,1;3,2,2,1,1	9	36	24	15	16	1/36	0.829597	1	36	15.1278	61.5676	230.808	
(0h:00m:04s)	71	4,2,2,1;2,2,2,2,1	9	78	25	13	14	1/78	0.795281	1	30	12.0711	55.024	324.936	
(0h:00m:04s)	72	3,3,2,1;3,3,2,1	9	13	23	15	18	1/13	0.855177	1	43	18.3486	65.409	167.594	
(0h:00m:04s)	73	3,3,2,1;3,2,2,2	9	27	24	16	17	1/27	0.821388	1	35	14.2896	57.1271	244.886	
(0h:00m:04s)	74	3,3,2,1;3,3,1,1,1	9	30	24	15	17	1/30	0.856731	1	42	18.5814	71.9554	214.426	
(0h:00m:04s)	75	3,3,2,1;3,2,2,1,1	9	65	25	13	13	1/65	0.818368	1	33	14.0004	61.0142	255.742	
(0h:00m:04s)	76	3,3,2,1;2,2,2,2,1	9	136	26	11	13	1/136	0.781996	1	28	11.1461	54.221	368.345	
(0h:00m:04s)	77	3,2,2,2;3,2,2,2	9	51	25	13	15	1/51	0.784285	1	30	11.2974	50.2496	281.617	
(0h:00m:04s)	78	3,2,2,2;3,3,1,1,1	9	64	25	11	15	1/64	0.812251	1	32	13.443	58.9438	229.114	
(0h:00m:04s)	79	3,2,2,2;3,2,2,1,1	9	120	26	11	13	1/120	0.790958	1	29	11.7572	55.9469	316.746	
(0h:00m:04s)	80	3,2,2,2;2,2,2,2,1	9	234	27	11	12	1/234	0.762272	1	26	9.96354	52.0052	439.365	
(0h:00m:04s)	81	4,2,1,1,1;4,2,1,1,1	9	25	23	15	16	1/25	0.823843	1	35	14.5321	57.4864	195.647	
(0h:00m:04s)	82	4,2,1,1,1;3,3,1,1,1	9	42	24	15	15	1/42	0.833333	1	37	15.5365	63.8725	285.906	
(0h:00m:05s)	83	4,2,1,1,1;3,2,2,1,1	9	85	25	14	14	1/85	0.820038	1	34	14.1592	63.0712	303.79	
(0h:00m:05s)	84	4,2,1,1,1;2,2,2,2,1	9	168	26	12	13	1/168	0.790428	1	31	11.7196	57.4109	394.755	
(0h:00m:05s)	85	3,3,1,1,1;3,3,1,1,1	9	72	25	15	15	1/72	0.84	1	39	16.3133	69.9026	349.513	
(0h:00m:05s)	86	3,3,1,1,1;3,2,2,1,1	9	152	26	11	13	1/152	0.815313	1	34	13.7174	64.6048	328.591	
(0h:00m:05s)	87	3,3,1,1,1;2,2,2,2,1	9	300	27	11	11	1/300	0.790828	1	28	11.7479	60.2926	447.205	
(0h:00m:05s)	88	3,2,2,1,1;3,2,2,1,1	9	281	27	9	11	1/281	0.789189	1	29	11.6325	59.5136	384.554	
(0h:00m:06s)	89	3,2,2,1,1;2,2,2,2,1	9	516	28	9	11	1/516	0.768487	1	26	10.3144	56.817	522.484	
(0h:00m:07s)	90	2,2,2,2,1;2,2,2,2,1	9	906	29	5	6	1/906	0.737013	1	25	8.70812	52.1577	530.383	
(0h:00m:07s)	91	4,4,1,1;3,3,2,1,1	10	4	27	25	25	1/4	0.925926	1	81	38.8413	111.97	167.955	
(0h:00m:07s)	92	4,4,1,1;3,2,2,2,1	10	16	28	19	22	1/16	0.888321	1	54	24.7162	86.6799	423.515	
(0h:00m:07s)	93	4,4,1,1;2,2,2,2,2	10	45	29	19	19	1/45	0.799273	1	31	12.3729	53.378	227.86	
(0h:00m:07s)	94	4,3,2,1;3,3,2,1,1	10	21	29	20	23	1/21	0.882997	1	54	23.4501	85.0597	247.385	
(0h:00m:07s)	95	4,3,2,1;3,2,2,2,1	10	49	30	19	20	1/49	0.857877	1	44	18.7562	75.9874	376.883	
(0h:00m:07s)	96	4,3,2,1;2,2,2,2,2	10	110	31	17	19	1/110	0.814121	1	34	13.6095	62.4506	435.098	
(0h:00m:07s)	97	3,3,3,1;3,3,3,1	10	10	28	19	23	1/10	0.857143	1	45	18.6438	64.4724	232.101	
(0h:00m:07s)	98	3,3,3,1;3,3,2,2	10	18	29	21	23	1/18	0.874906	1	49	21.7325	78.3263	236.788	
(0h:00m:07s)	99	3,3,3,1;3,3,2,1,1	10	42	30	19	21	1/42	0.866667	1	45	20.1975	79.8407	311.759	
(0h:00m:07s)	100	3,3,3,1;3,2,2,2,1	10	87	31	17	19	1/87	0.836849	1	38	15.9382	69.7124	344.478	
(0h:00m:07s)	101	3,3,3,1;2,2,2,2,2	10	180	32	17	17	1/180	0.807138	1	33	13.0043	62.743	475.424	
(0h:00m:07s)	102	4,2,2,2;3,3,2,1,1	10	42	30	19	21	1/42	0.866667	1	45	20.1975	79.8407	304.155	
(0h:00m:08s)	103	4,2,2,2;3,2,2,2,1	10	87	31	19	19	1/87	0.836849	1	38	15.9382	69.7124	348.531	
(0h:00m:08s)	104	4,2,2,2;2,2,2,2,2	10	180	32	17	17	1/180	0.807138	1	33	13.0043	62.743	479.726	
(0h:00m:08s)	105	3,3,2,2;3,3,2,2	10	34	30	21	21	1/34	0.851452	1	42	17.8106	70.2409	276.197	
(0h:00m:08s)	106	3,3,2,2;3,3,2,1,1	10	80	31	15	18	1/80	0.841388	1	40	16.4833	71.1785	314.985	
(0h:00m:08s)	107	3,3,2,2;3,2,2,2,1	10	156	32	17	18	1/156	0.816183	1	35	13.797	65.0518	453.776	
(0h:00m:08s)	108	3,3,2,2;2,2,2,2,2	10	310	33	13	17	1/310	0.79399	1	31	11.9759	61.3772	582.822	
(0h:00m:08s)	109	4,3,1,1,1;4,3,1,1,1	10	9	28	24	24	1/9	0.892857	1	60	25.8942	84.9798	141.633	
(0h:00m:08s)	110	4,3,1,1,1;4,2,2,1,1	10	27	29	20	22	1/27	0.881569	1	51	23.13	86.1566	339.742	
(0h:00m:08s)	111	4,3,1,1,1;3,3,2,1,1	10	48	30	20	22	1/48	0.883489	1	53	23.5623	92.5143	404.211	
(0h:00m:08s)	112	4,3,1,1,1;3,2,2,2,1	10	112	31	18	19	1/112	0.853114	1	43	18.0472	79.1516	405.466	
(0h:00m:08s)	113	4,3,1,1,1;2,2,2,2,2	10	240	32	17	17	1/240	0.805865	1	32	12.8986	63.8134	378.259	
(0h:00m:09s)	114	4,2,2,1,1;4,2,2,1,1	10	54	30	20	21	1/54	0.862876	1	46	19.5533	79.4666	302.687	
(0h:00m:09s)	115	4,2,2,1,1;3,3,2,1,1	10	99	31	18	19	1/99	0.862594	1	44	19.5067	83.7143	399.812	
(0h:00m:09s)	116	4,2,2,1,1;3,2,2,2,1	10	198	32	18	18	1/198	0.83458	1	38	15.677	73.7275	447.434	
(0h:00m:09s)	117	4,2,2,1,1;2,2,2,2,2	10	390	33	17	17	1/390	0.810329	1	33	13.2753	67.8749	663.402	
(0h:00m:09s)	118	3,3,2,1,1;3,3,2,1,1	10	186	32	15	18	1/186	0.841566	1	40	16.5053	76.5839	480.121	
(0h:00m:09s)	119	3,3,2,1,1;3,2,2,2,1	10	358	33	12	16	1/358	0.821038	1	35	14.2556	71.4582	521.033	
(0h:00m:10s)	120	3,3,2,1,1;2,2,2,2,2	10	680	34	13	15	1/680	0.794757	1	31	12.0323	65.4339	711.782	
(0h:00m:11s)	121	3,2,2,2,1;3,2,2,2,1	10	645	34	10	13	1/645	0.804344	1	32	12.7741	68.3699	580.334	
(0h:00m:13s)	122	3,2,2,2,1;2,2,2,2,2	10	1170	35	9	9	1/1170	0.778042	1	29	10.8922	62.9513	634.913	
(0h:00m:18s)	123	2,2,2,2,2;2,2,2,2,2	10	2040	36	9	9	1/2040	0.766161	1	28	10.1809	62.1301	696.084	
(0h:00m:18s)	124	4,4,2,1;3,3,3,1,1	11	6	34	31	31	1/6	0.941176	1	103	49.7169	147.892	246.486	
(0h:00m:18s)	125	4,4,2,1;3,3,2,2,1	11	19	35	25	29	1/19	0.908088	1	67	30.7002	107.192	344.827	
(0h:00m:18s)	126	4,4,2,1;3,2,2,2,2	11	48	36	26	27	1/48	0.878778	1	51	22.5258	88.9189	347.621	
(0h:00m:18s)	127	4,3,3,1;3,3,3,1,1	11	17	35	25	29	1/17	0.907771	1	65	30.5841	105.618	300.824	
(0h:00m:18s)	128	4,3,3,1;3,3,2,2,1	11	36	36	25	28	1/36	0.886398	1	56	24.2453	92.3514	325.23	
(0h:00m:18s)	129	4,3,3,1;3,2,2,2,2	11	78	37	26	26	1/78	0.861676	1	47	19.3567	81.4355	480.906	
(0h:00m:18s)	130	4,3,2,2;3,3,3,1,1	11	30	36	27	29	1/30	0.904488	1	65	29.4257	107.933	383.493	
(0h:00m:18s)	131	4,3,2,2;3,3,2,2,1	11	65	37	24	26	1/65	0.877276	1	51	22.2121	90.301	372.189	
(0h:00m:19s)	132	4,3,2,2;3,2,2,2,2	11	136	38	23	25	1/136	0.850839	1	42	17.7246	79.2461	511.928	
(0h:00m:19s)	133	3,3,3,2;3,3,3,2	11	27	36	28	29	1/27	0.881446	1	55	23.1027	86.0669	285.701	
(0h:00m:19s)	134	3,3,3,2;3,3,3,1,1	11	64	37	19	23	1/64	0.873143	1	50	21.3872	87.2368	358.282	
(0h:00m:19s)	135	3,3,3,2;3,3,2,2,1	11	120	38	22	25	1/120	0.856971	1	44	18.6177	81.7686	466.64	
(0h:00m:19s)	136	3,3,3,2;3,2,2,2,2	11	234	39	19	24	1/234	0.835419	1	39	15.7728	75.1186	638.759	
(0h:00m:19s)	137	4,4,1,1,1;4,3,2,1,1	11	6	34	31	31	1/6	0.941176	1	103	49.7169	147.892	246.486	
(0h:00m:19s)	138	4,4,1,1,1;3,3,3,1,1	11	12	35	31	31	1/12	0.942857	1	106	51.2705	164.372	356.138	
(0h:00m:19s)	139	4,4,1,1,1;4,2,2,2,1	11	23	35	25	28	1/23	0.909456	1	66	31.2108	110.921	657.178	
(0h:00m:19s)	140	4,4,1,1,1;3,3,2,2,1	11	42	36	25	28	1/42	0.908377	1	67	30.8066	116.187	465.357	
(0h:00m:19s)	141	4,4,1,1,1;3,2,2,2,2	11	109	37	25	25	1/109	0.874386	1	50	21.6296	92.339	374.044	
(0h:00m:19s)	142	4,3,2,1,1;4,3,2,1,1	11	34	36	26	29	1/34	0.904954	1	67	29.5855	109.78	364.58	
(0h:00m:19s)	143	4,3,2,1,1;3,3,3,1,1	11	69	37	25	27	1/69	0.904148	1	64	29.3104	116.24	501.868	
(0h:00m:19s)	144	4,3,2,1,1;4,2,2,2,1	11	76	37	25	26	1/76	0.889254	1	55	24.9505	101.48	519.78	
(0h:00m:19s)	145	4,3,2,1,1;3,3,2,2,1	11	148	38	23	26	1/148	0.877088	1	52	22.1734	96.8575	537.976	
(0h:00m:20s)	146	4,3,2,1,1;3,2,2,2,2	11	306	39	20	23	1/306	0.850474	1	43	17.6737	84.4757	722.835	
(0h:00m:20s)	147	3,3,3,1,1;3,3,3,1,1	11	146	38	19	25	1/146	0.861555	1	47	19.337	85.8922	578.767	
(0h:00m:20s)	148	3,3,3,1,1;4,2,2,2,1	11	138	38	25	25	1/138	0.892006	1	55	25.6655	109.589	485.578	
(0h:00m:20s)	149	3,3,3,1,1;3,3,2,2,1	11	276	39	21	23	1/276	0.853858	1	44	18.155	85.7261	527.544	
(0h:00m:21s)	150	3,3,3,1,1;3,2,2,2,2	11	528	40	19	21	1/528	0.83802	1	40	16.0759	81.3486	844.516	
(0h:00m:21s)	151	4,2,2,2,1;4,2,2,2,1	11	147	38	24	25	1/147	0.868421	1	48	20.5082	90.4262	507.494	
(0h:00m:21s)	152	4,2,2,2,1;3,3,2,2,1	11	273	39	21	23	1/273	0.863421	1	45	19.6436	91.6479	597.251	
(0h:00m:22s)	153	4,2,2,2,1;3,2,2,2,2	11	528	40	20	21	1/528	0.837685	1	39	16.0363	81.1806	615.918	
(0h:00m:22s)	154	3,3,2,2,1;3,3,2,2,1	11	506	40	16	21	1/506	0.843013	1	41	16.6861	83.665	618.817	
(0h:00m:23s)	155	3,3,2,2,1;3,2,2,2,2	11	934	41	20	20	1/934	0.828811	1	37	15.044	80.3045	816.488	
(0h:00m:27s)	156	3,2,2,2,2;3,2,2,2,2	11	1656	42	17	17	1/1656	0.805055	1	34	12.8321	73.4564	702.765	
(0h:00m:27s)	157	4,4,3,1;3,3,3,2,1	12	18	42	31	36	1/18	0.920068	1	77	35.7669	122.58	388.659	
(0h:00m:27s)	158	4,4,3,1;3,3,2,2,2	12	39	43	33	35	1/39	0.897963	1	64	27.3453	103.602	442.911	
(0h:00m:27s)	159	4,4,2,2;3,3,3,2,1	12	30	43	33	35	1/30	0.920036	1	77	35.7515	128.92	458.061	
(0h:00m:27s)	160	4,4,2,2;3,3,2,2,2	12	68	44	33	33	1/68	0.894567	1	59	26.3644	105.538	439.2	
(0h:00m:27s)	161	4,3,3,2;3,3,3,2,1	12	58	44	29	35	1/58	0.89716	1	62	27.1076	106.653	416.035	
(0h:00m:27s)	162	4,3,3,2;3,3,2,2,2	12	117	45	29	33	1/117	0.876683	1	52	22.0903	94.6333	507.193	
(0h:00m:27s)	163	3,3,3,3;3,3,3,3	12	24	43	37	37	1/24	0.906977	1	72	30.2962	108.422	415.619	
(0h:00m:28s)	164	3,3,3,3;3,3,3,2,1	12	108	45	31	31	1/108	0.88029	1	53	22.8496	96.8163	521.545	
(0h:00m:28s)	165	3,3,3,3;3,3,2,2,2	12	204	46	31	31	1/204	0.85749	1	47	18.6968	85.7897	708.501	
(0h:00m:28s)	166	4,4,2,1,1;4,4,2,1,1	12	4	41	39	39	1/4	0.95122	1	125	60.5924	170.028	255.042	
(0h:00m:28s)	167	4,4,2,1,1;4,3,3,1,1	12	10	42	38	38	1/10	0.952381	1	128	62.1461	193.417	386.834	
(0h:00m:28s)	168	4,4,2,1,1;4,3,2,2,1	12	31	43	32	36	1/31	0.924222	1	82	37.8983	136.475	645.525	
(0h:00m:28s)	169	4,4,2,1,1;3,3,3,2,1	12	66	44	31	35	1/66	0.920476	1	77	35.9666	139.548	569.667	
(0h:00m:28s)	170	4,4,2,1,1;4,2,2,2,2	12	76	44	33	33	1/76	0.909091	1	66	31.073	123.623	514.013	
(0h:00m:28s)	171	4,4,2,1,1;3,3,2,2,2	12	153	45	31	33	1/153	0.889501	1	57	25.0134	108.039	670.646	
(0h:00m:28s)	172	4,3,3,1,1;4,3,3,1,1	12	29	43	32	36	1/29	0.924009	1	82	37.7832	135.214	457.063	
(0h:00m:28s)	173	4,3,3,1,1;4,3,2,2,1	12	60	44	32	35	1/60	0.9204	1	77	35.9293	138.218	540.57	
(0h:00m:28s)	174	4,3,3,1,1;3,3,3,2,1	12	132	45	28	32	1/132	0.896897	1	60	27.0305	114.357	639.102	
(0h:00m:28s)	175	4,3,3,1,1;4,2,2,2,2	12	126	45	33	33	1/126	0.911111	1	68	31.8499	132.12	734.002	
(0h:00m:29s)	176	4,3,3,1,1;3,3,2,2,2	12	264	46	29	31	1/264	0.87731	1	53	22.2192	101.75	711.287	
(0h:00m:29s)	177	4,3,2,2,1;4,3,2,2,1	12	123	45	31	32	1/123	0.899042	1	63	27.671	116.088	596.002	
(0h:00m:29s)	178	4,3,2,2,1;3,3,3,2,1	12	237	46	28	29	1/237	0.892934	1	58	25.9151	115.591	807.091	
(0h:00m:29s)	179	4,3,2,2,1;4,2,2,2,2	12	244	46	29	31	1/244	0.886501	1	54	24.2701	109.295	743.685	
(0h:00m:30s)	180	4,3,2,2,1;3,3,2,2,2	12	467	47	25	29	1/467	0.866487	1	49	20.1661	97.774	700.252	
(0h:00m:30s)	181	3,3,3,2,1;3,3,3,2,1	12	451	47	27	28	1/451	0.862302	1	48	19.4587	94.549	838.484	
(0h:00m:30s)	182	3,3,3,2,1;4,2,2,2,2	12	438	47	25	27	1/438	0.883781	1	53	23.6293	111.771	936.702	
(0h:00m:31s)	183	3,3,3,2,1;3,3,2,2,2	12	828	48	27	28	1/828	0.856553	1	45	18.5545	94.9955	871.323	
(0h:00m:32s)	184	4,2,2,2,2;4,2,2,2,2	12	456	47	27	27	1/456	0.85484	1	47	18.2988	89.7648	699.719	
(0h:00m:33s)	185	4,2,2,2,2;3,3,2,2,2	12	828	48	27	27	1/828	0.849003	1	44	17.4713	90.2453	895.022	
(0h:00m:36s)	186	3,3,2,2,2;3,3,2,2,2	12	1486	49	24	27	1/1486	0.840678	1	42	16.3959	89.2002	953.64	
